<?xml version="1.0" encoding="UTF-8"?>
<testng-results ignored="0" total="1" passed="1" failed="0" skipped="0">
  <reporter-output>
  </reporter-output>
  <suite started-at="2025-11-27T09:35:49 IST" name="Default suite" finished-at="2025-11-27T09:35:52 IST" duration-ms="2524">
    <groups>
    </groups>
    <test started-at="2025-11-27T09:35:49 IST" name="Default test" finished-at="2025-11-27T09:35:52 IST" duration-ms="2524">
      <class name="mypractice.read_and_find_data_from_excl">
        <test-method signature="read_and_find_data_from_exc()[pri:0, instance:mypractice.read_and_find_data_from_excl@4218d6a3]" started-at="2025-11-27T09:35:49 IST" name="read_and_find_data_from_exc" finished-at="2025-11-27T09:35:52 IST" duration-ms="2379" status="PASS">
          <reporter-output>
          </reporter-output>
        </test-method> <!-- read_and_find_data_from_exc -->
      </class> <!-- mypractice.read_and_find_data_from_excl -->
    </test> <!-- Default test -->
  </suite> <!-- Default suite -->
</testng-results>
